==========================================
SLURM Array Task ID: 0
Processing dataset: sst2
==========================================

Configuration:
  Seeds: 42 43 44
  Budgets: 200 500 1000 5000
  Epochs: 20
  Checkpoint dir: checkpoints/sst2
  Results dir: results/sst2

================================================
SEED 42 - Training Victim Models
================================================
[sst2] Training victim (no DP) with seed 42...
[Task] sst2 (GLUE/sst2) | labels=['negative', 'positive'] | verbalizers=['negative', 'positive']
[Model] t5-small | prompt_len=20 | prompt_params=10,240
[Save] checkpoints/sst2/victim_sst2_P20_seed42.pt
[Log]  checkpoints/sst2/victim_sst2_P20_seed42.json
Epoch 0 | val acc=0.8544 | conf=0.775 | ||P||=1.02 | pos_rate=0.554
Epoch 1 | train_loss=0.1599 | val acc=0.8945 | conf=0.930 | ||P||=8.96 | pos_rate=0.516
  ✓ Saved best prompt (acc=0.8945) to checkpoints/sst2/victim_sst2_P20_seed42.pt
Epoch 2 | train_loss=0.1549 | val acc=0.9002 | conf=0.930 | ||P||=11.97 | pos_rate=0.529
  ✓ Saved best prompt (acc=0.9002) to checkpoints/sst2/victim_sst2_P20_seed42.pt
Epoch 3 | train_loss=0.1524 | val acc=0.8968 | conf=0.934 | ||P||=15.16 | pos_rate=0.521
Epoch 4 | train_loss=0.1526 | val acc=0.8922 | conf=0.930 | ||P||=22.36 | pos_rate=0.516
Epoch 5 | train_loss=0.1494 | val acc=0.8933 | conf=0.931 | ||P||=23.62 | pos_rate=0.526
Done. Best val acc=0.9002 | saved=checkpoints/sst2/victim_sst2_P20_seed42.pt
✓ Victim (no DP) saved to checkpoints/sst2/victim_sst2_P20_seed42.pt
[sst2] Training victim (DP) with seed 42...
[Task] sst2 (GLUE/sst2) | labels=['negative', 'positive'] | verbalizers=['negative', 'positive']
[Model] t5-small | prompt_len=20 | prompt_params=10,240
[DP] eps=8.0 C=0.1
[Save] checkpoints/sst2/victim_dp_sst2_eps8.0_P20_seed42.pt
[Log]  checkpoints/sst2/victim_dp_sst2_eps8.0_P20_seed42.json
[DP] batch_size=256 steps=1315 sample_rate=0.003801 sigma=0.5069
Epoch 0 | val acc=0.8544 | conf=0.775 | ||P||=1.02 | pos_rate=0.554
Epoch 1 | val acc=0.8888 | conf=0.974 | ||P||=15.52 | pos_rate=0.538
  ✓ Saved best DP prompt (acc=0.8888) to checkpoints/sst2/victim_dp_sst2_eps8.0_P20_seed42.pt
Epoch 2 | val acc=0.8876 | conf=0.976 | ||P||=21.81 | pos_rate=0.521
Epoch 3 | val acc=0.8899 | conf=0.979 | ||P||=26.55 | pos_rate=0.511
  ✓ Saved best DP prompt (acc=0.8899) to checkpoints/sst2/victim_dp_sst2_eps8.0_P20_seed42.pt
Epoch 4 | val acc=0.8922 | conf=0.978 | ||P||=30.45 | pos_rate=0.525
  ✓ Saved best DP prompt (acc=0.8922) to checkpoints/sst2/victim_dp_sst2_eps8.0_P20_seed42.pt
Epoch 5 | val acc=0.8911 | conf=0.978 | ||P||=33.88 | pos_rate=0.517
Done. Best val acc=0.8922 | saved=checkpoints/sst2/victim_dp_sst2_eps8.0_P20_seed42.pt
✓ Victim (DP) saved to checkpoints/sst2/victim_dp_sst2_eps8.0_P20_seed42.pt

================================================
SEED 42 | BUDGET 200 - Stealing
================================================
[sst2] Stealing (soft, no DP) | budget=200, seed=42...
[Task] sst2 | labels=['negative', 'positive'] | verbalizers=['negative', 'positive']
[Victim] checkpoints/sst2/victim_sst2_P20_seed42.pt | prompt_len=20
[Steal] steal_ds=auto budget=200 epochs=20 bs=256 lr=0.01
[Info] auto-selecting snli as steal_ds
✓ Stolen (soft, no DP) saved
[sst2] Stealing (hard, no DP) | budget=200, seed=42...
[Task] sst2 | labels=['negative', 'positive'] | verbalizers=['negative', 'positive']
[Victim] checkpoints/sst2/victim_sst2_P20_seed42.pt | prompt_len=20
[Steal] steal_ds=auto budget=200 epochs=20 bs=256 lr=0.01
[Info] auto-selecting snli as steal_ds
✓ Stolen (hard, no DP) saved
[sst2] Stealing (soft, DP) | budget=200, seed=42...
[Task] sst2 | labels=['negative', 'positive'] | verbalizers=['negative', 'positive']
[Victim] checkpoints/sst2/victim_dp_sst2_eps8.0_P20_seed42.pt | prompt_len=20
[Steal] steal_ds=auto budget=200 epochs=20 bs=256 lr=0.01
[Info] auto-selecting snli as steal_ds
✓ Stolen (soft, DP) saved
[sst2] Stealing (hard, DP) | budget=200, seed=42...
[Task] sst2 | labels=['negative', 'positive'] | verbalizers=['negative', 'positive']
[Victim] checkpoints/sst2/victim_dp_sst2_eps8.0_P20_seed42.pt | prompt_len=20
[Steal] steal_ds=auto budget=200 epochs=20 bs=256 lr=0.01
[Info] auto-selecting snli as steal_ds
✓ Stolen (hard, DP) saved

================================================
SEED 42 | BUDGET 200 - Evaluation
================================================
[sst2] Evaluating soft oracle results...

================================================================================
EVALUATING: SST2 | seed=42 | budget=200 | oracle=probs
================================================================================

Evaluating victim (no DP)...
Evaluating stolen (no DP)...
[sst2] Evaluating hard oracle results...

================================================================================
EVALUATING: SST2 | seed=42 | budget=200 | oracle=hard
================================================================================

Evaluating victim (no DP)...
Evaluating stolen (no DP)...
✓ Evaluations complete for budget 200, seed 42

================================================
SEED 42 | BUDGET 500 - Stealing
================================================
[sst2] Stealing (soft, no DP) | budget=500, seed=42...
[Task] sst2 | labels=['negative', 'positive'] | verbalizers=['negative', 'positive']
[Victim] checkpoints/sst2/victim_sst2_P20_seed42.pt | prompt_len=20
[Steal] steal_ds=auto budget=500 epochs=20 bs=256 lr=0.01
[Info] auto-selecting snli as steal_ds
✓ Stolen (soft, no DP) saved
[sst2] Stealing (hard, no DP) | budget=500, seed=42...
[Task] sst2 | labels=['negative', 'positive'] | verbalizers=['negative', 'positive']
[Victim] checkpoints/sst2/victim_sst2_P20_seed42.pt | prompt_len=20
[Steal] steal_ds=auto budget=500 epochs=20 bs=256 lr=0.01
[Info] auto-selecting snli as steal_ds
✓ Stolen (hard, no DP) saved
[sst2] Stealing (soft, DP) | budget=500, seed=42...
[Task] sst2 | labels=['negative', 'positive'] | verbalizers=['negative', 'positive']
[Victim] checkpoints/sst2/victim_dp_sst2_eps8.0_P20_seed42.pt | prompt_len=20
[Steal] steal_ds=auto budget=500 epochs=20 bs=256 lr=0.01
[Info] auto-selecting snli as steal_ds
✓ Stolen (soft, DP) saved
[sst2] Stealing (hard, DP) | budget=500, seed=42...
[Task] sst2 | labels=['negative', 'positive'] | verbalizers=['negative', 'positive']
[Victim] checkpoints/sst2/victim_dp_sst2_eps8.0_P20_seed42.pt | prompt_len=20
[Steal] steal_ds=auto budget=500 epochs=20 bs=256 lr=0.01
[Info] auto-selecting snli as steal_ds
✓ Stolen (hard, DP) saved

================================================
SEED 42 | BUDGET 500 - Evaluation
================================================
[sst2] Evaluating soft oracle results...

================================================================================
EVALUATING: SST2 | seed=42 | budget=500 | oracle=probs
================================================================================

Evaluating victim (no DP)...
Evaluating stolen (no DP)...
[sst2] Evaluating hard oracle results...

================================================================================
EVALUATING: SST2 | seed=42 | budget=500 | oracle=hard
================================================================================

Evaluating victim (no DP)...
Evaluating stolen (no DP)...
✓ Evaluations complete for budget 500, seed 42

================================================
SEED 42 | BUDGET 1000 - Stealing
================================================
[sst2] Stealing (soft, no DP) | budget=1000, seed=42...
[Task] sst2 | labels=['negative', 'positive'] | verbalizers=['negative', 'positive']
[Victim] checkpoints/sst2/victim_sst2_P20_seed42.pt | prompt_len=20
[Steal] steal_ds=auto budget=1000 epochs=20 bs=256 lr=0.01
[Info] auto-selecting snli as steal_ds
✓ Stolen (soft, no DP) saved
[sst2] Stealing (hard, no DP) | budget=1000, seed=42...
[Task] sst2 | labels=['negative', 'positive'] | verbalizers=['negative', 'positive']
[Victim] checkpoints/sst2/victim_sst2_P20_seed42.pt | prompt_len=20
[Steal] steal_ds=auto budget=1000 epochs=20 bs=256 lr=0.01
[Info] auto-selecting snli as steal_ds
✓ Stolen (hard, no DP) saved
[sst2] Stealing (soft, DP) | budget=1000, seed=42...
[Task] sst2 | labels=['negative', 'positive'] | verbalizers=['negative', 'positive']
[Victim] checkpoints/sst2/victim_dp_sst2_eps8.0_P20_seed42.pt | prompt_len=20
[Steal] steal_ds=auto budget=1000 epochs=20 bs=256 lr=0.01
[Info] auto-selecting snli as steal_ds
✓ Stolen (soft, DP) saved
[sst2] Stealing (hard, DP) | budget=1000, seed=42...
[Task] sst2 | labels=['negative', 'positive'] | verbalizers=['negative', 'positive']
[Victim] checkpoints/sst2/victim_dp_sst2_eps8.0_P20_seed42.pt | prompt_len=20
[Steal] steal_ds=auto budget=1000 epochs=20 bs=256 lr=0.01
[Info] auto-selecting snli as steal_ds
✓ Stolen (hard, DP) saved

================================================
SEED 42 | BUDGET 1000 - Evaluation
================================================
[sst2] Evaluating soft oracle results...

================================================================================
EVALUATING: SST2 | seed=42 | budget=1000 | oracle=probs
================================================================================

Evaluating victim (no DP)...
Evaluating stolen (no DP)...
[sst2] Evaluating hard oracle results...

================================================================================
EVALUATING: SST2 | seed=42 | budget=1000 | oracle=hard
================================================================================

Evaluating victim (no DP)...
Evaluating stolen (no DP)...
✓ Evaluations complete for budget 1000, seed 42

================================================
SEED 42 | BUDGET 5000 - Stealing
================================================
[sst2] Stealing (soft, no DP) | budget=5000, seed=42...
[Task] sst2 | labels=['negative', 'positive'] | verbalizers=['negative', 'positive']
[Victim] checkpoints/sst2/victim_sst2_P20_seed42.pt | prompt_len=20
[Steal] steal_ds=auto budget=5000 epochs=20 bs=256 lr=0.01
[Info] auto-selecting snli as steal_ds
✓ Stolen (soft, no DP) saved
[sst2] Stealing (hard, no DP) | budget=5000, seed=42...
[Task] sst2 | labels=['negative', 'positive'] | verbalizers=['negative', 'positive']
[Victim] checkpoints/sst2/victim_sst2_P20_seed42.pt | prompt_len=20
[Steal] steal_ds=auto budget=5000 epochs=20 bs=256 lr=0.01
[Info] auto-selecting snli as steal_ds
✓ Stolen (hard, no DP) saved
[sst2] Stealing (soft, DP) | budget=5000, seed=42...
[Task] sst2 | labels=['negative', 'positive'] | verbalizers=['negative', 'positive']
[Victim] checkpoints/sst2/victim_dp_sst2_eps8.0_P20_seed42.pt | prompt_len=20
[Steal] steal_ds=auto budget=5000 epochs=20 bs=256 lr=0.01
[Info] auto-selecting snli as steal_ds
✓ Stolen (soft, DP) saved
[sst2] Stealing (hard, DP) | budget=5000, seed=42...
[Task] sst2 | labels=['negative', 'positive'] | verbalizers=['negative', 'positive']
[Victim] checkpoints/sst2/victim_dp_sst2_eps8.0_P20_seed42.pt | prompt_len=20
[Steal] steal_ds=auto budget=5000 epochs=20 bs=256 lr=0.01
[Info] auto-selecting snli as steal_ds
✓ Stolen (hard, DP) saved

================================================
SEED 42 | BUDGET 5000 - Evaluation
================================================
[sst2] Evaluating soft oracle results...

================================================================================
EVALUATING: SST2 | seed=42 | budget=5000 | oracle=probs
================================================================================

Evaluating victim (no DP)...
Evaluating stolen (no DP)...
[sst2] Evaluating hard oracle results...

================================================================================
EVALUATING: SST2 | seed=42 | budget=5000 | oracle=hard
================================================================================

Evaluating victim (no DP)...
Evaluating stolen (no DP)...
✓ Evaluations complete for budget 5000, seed 42

================================================
Completed all budgets for SEED 42
================================================

================================================
SEED 43 - Training Victim Models
================================================
[sst2] Training victim (no DP) with seed 43...
[Task] sst2 (GLUE/sst2) | labels=['negative', 'positive'] | verbalizers=['negative', 'positive']
[Model] t5-small | prompt_len=20 | prompt_params=10,240
[Save] checkpoints/sst2/victim_sst2_P20_seed43.pt
[Log]  checkpoints/sst2/victim_sst2_P20_seed43.json
Epoch 0 | val acc=0.7890 | conf=0.663 | ||P||=1.00 | pos_rate=0.514
